[debug] [2024-11-28T16:03:03.189Z] ----------------------------------------------------------------------
[debug] [2024-11-28T16:03:03.192Z] Command:       C:\Program Files\nodejs\node.exe C:\Users\Vigneshwaran R\AppData\Roaming\npm\node_modules\firebase-tools\lib\bin\firebase.js init
[debug] [2024-11-28T16:03:03.192Z] CLI Version:   13.27.0
[debug] [2024-11-28T16:03:03.192Z] Platform:      win32
[debug] [2024-11-28T16:03:03.192Z] Node Version:  v20.14.0
[debug] [2024-11-28T16:03:03.192Z] Time:          Thu Nov 28 2024 21:33:03 GMT+0530 (India Standard Time)
[debug] [2024-11-28T16:03:03.192Z] ----------------------------------------------------------------------
[debug] 
[debug] [2024-11-28T16:03:03.195Z] >>> [apiv2][query] GET https://firebase-public.firebaseio.com/cli.json [none]
[debug] [2024-11-28T16:03:03.296Z] > command requires scopes: ["email","openid","https://www.googleapis.com/auth/cloudplatformprojects.readonly","https://www.googleapis.com/auth/firebase","https://www.googleapis.com/auth/cloud-platform"]
[debug] [2024-11-28T16:03:03.297Z] > authorizing via signed-in user (vigneshram1499@gmail.com)
[info] 
     ######## #### ########  ######## ########     ###     ######  ########
     ##        ##  ##     ## ##       ##     ##  ##   ##  ##       ##
     ######    ##  ########  ######   ########  #########  ######  ######
     ##        ##  ##    ##  ##       ##     ## ##     ##       ## ##
     ##       #### ##     ## ######## ########  ##     ##  ######  ########

You're about to initialize a Firebase project in this directory:

  C:\Users\Vigneshwaran R

Before we get started, keep in mind:

  * You are initializing within an existing Firebase project directory

[debug] [2024-11-28T16:03:03.869Z] <<< [apiv2][status] GET https://firebase-public.firebaseio.com/cli.json 200
[debug] [2024-11-28T16:03:03.870Z] <<< [apiv2][body] GET https://firebase-public.firebaseio.com/cli.json {"cloudBuildErrorAfter":1594252800000,"cloudBuildWarnAfter":1590019200000,"defaultNode10After":1594252800000,"minVersion":"3.0.5","node8DeploysDisabledAfter":1613390400000,"node8RuntimeDisabledAfter":1615809600000,"node8WarnAfter":1600128000000}
